2025-12-23 23:25:33.961 [info] [main] Log level: Info
2025-12-23 23:25:33.961 [info] [main] Validating found git in: "git"
2025-12-23 23:25:33.961 [info] [main] Using git "2.52.0" from "git"
2025-12-23 23:25:33.961 [info] [Model][doInitialScan] Initial repository scan started
2025-12-23 23:25:33.961 [info] > git rev-parse --show-toplevel [6ms]
2025-12-23 23:25:33.961 [info] fatal: not a git repository (or any of the parent directories): .git
2025-12-23 23:25:33.961 [info] > git rev-parse --show-toplevel [4ms]
2025-12-23 23:25:33.961 [info] > git rev-parse --git-dir --git-common-dir --show-superproject-working-tree [3ms]
2025-12-23 23:25:33.961 [info] [Model][openRepository] Opened repository (path): /home/Raddarin/devR/Rust/hello-rust
2025-12-23 23:25:33.961 [info] [Model][openRepository] Opened repository (real path): /home/Raddarin/devR/Rust/hello-rust
2025-12-23 23:25:33.961 [info] [Model][openRepository] Opened repository (kind): repository
2025-12-23 23:25:33.961 [info] > git rev-parse --show-toplevel [2ms]
2025-12-23 23:25:33.961 [info] > git config --get commit.template [5ms]
2025-12-23 23:25:33.961 [info] [Git][getRemotes] No remotes found in the git config file
2025-12-23 23:25:33.961 [info] > git rev-parse --git-dir --git-common-dir --show-superproject-working-tree [4ms]
2025-12-23 23:25:33.961 [info] [Model][openRepository] Opened repository (path): /home/Raddarin/devR/Rust/light_in_atmo
2025-12-23 23:25:33.961 [info] [Model][openRepository] Opened repository (real path): /home/Raddarin/devR/Rust/light_in_atmo
2025-12-23 23:25:33.961 [info] [Model][openRepository] Opened repository (kind): repository
2025-12-23 23:25:33.961 [info] > git for-each-ref --format=%(refname)%00%(upstream:short)%00%(objectname)%00%(upstream:track)%00%(upstream:remotename)%00%(upstream:remoteref) refs/heads/master refs/remotes/master [9ms]
2025-12-23 23:25:33.961 [warning] [Git][getBranch] No such branch: master
2025-12-23 23:25:33.961 [info] > git status -z -uall [6ms]
2025-12-23 23:25:33.961 [info] > git rev-parse --show-toplevel [10ms]
2025-12-23 23:25:33.961 [info] > git config --get commit.template [13ms]
2025-12-23 23:25:33.961 [info] > git for-each-ref --sort -committerdate --format %(refname)%00%(objectname)%00%(*objectname) [8ms]
2025-12-23 23:25:33.961 [info] [Git][getRemotes] No remotes found in the git config file
2025-12-23 23:25:33.961 [info] > git for-each-ref --format=%(refname)%00%(upstream:short)%00%(objectname)%00%(upstream:track)%00%(upstream:remotename)%00%(upstream:remoteref) refs/heads/master refs/remotes/master [15ms]
2025-12-23 23:25:33.961 [warning] [Git][getBranch] No such branch: master
2025-12-23 23:25:33.961 [error] [GitHistoryProvider][resolveHEADMergeBase] Failed to resolve merge base for master: Error: No such branch: master.
2025-12-23 23:25:33.961 [info] > git rev-parse --git-dir --git-common-dir --show-superproject-working-tree [26ms]
2025-12-23 23:25:33.961 [info] [Model][openRepository] Opened repository (path): /home/Raddarin/devR/Rust/termo_test
2025-12-23 23:25:33.961 [info] [Model][openRepository] Opened repository (real path): /home/Raddarin/devR/Rust/termo_test
2025-12-23 23:25:33.961 [info] [Model][openRepository] Opened repository (kind): repository
2025-12-23 23:25:33.961 [info] [Model][doInitialScan] Initial repository scan completed - repositories (3), closed repositories (0), parent repositories (0), unsafe repositories (0)
2025-12-23 23:25:33.961 [info] > git for-each-ref --format=%(refname)%00%(upstream:short)%00%(objectname)%00%(upstream:track)%00%(upstream:remotename)%00%(upstream:remoteref) refs/heads/master refs/remotes/master [23ms]
2025-12-23 23:25:33.961 [warning] [Git][getBranch] No such branch: master
2025-12-23 23:25:33.962 [info] > git status -z -uall [33ms]
2025-12-23 23:25:33.962 [info] > git for-each-ref --sort -committerdate --format %(refname)%00%(objectname)%00%(*objectname) [30ms]
2025-12-23 23:25:33.970 [info] > git rev-parse --show-toplevel [43ms]
2025-12-23 23:25:33.970 [info] fatal: not a git repository (or any of the parent directories): .git
2025-12-23 23:25:33.970 [info] > git config --get commit.template [46ms]
2025-12-23 23:25:33.970 [info] > git config --get commit.template [49ms]
2025-12-23 23:25:33.993 [info] > git for-each-ref --format=%(refname)%00%(upstream:short)%00%(objectname)%00%(upstream:track)%00%(upstream:remotename)%00%(upstream:remoteref) refs/heads/master refs/remotes/master [24ms]
2025-12-23 23:25:33.993 [warning] [Git][getBranch] No such branch: master
2025-12-23 23:25:33.994 [error] [GitHistoryProvider][resolveHEADMergeBase] Failed to resolve merge base for master: Error: No such branch: master.
2025-12-23 23:25:33.998 [info] [Git][getRemotes] No remotes found in the git config file
2025-12-23 23:25:34.000 [info] [Git][getRemotes] No remotes found in the git config file
2025-12-23 23:25:34.001 [info] > git config --get commit.template [8ms]
2025-12-23 23:25:34.003 [info] > git for-each-ref --format=%(refname)%00%(upstream:short)%00%(objectname)%00%(upstream:track)%00%(upstream:remotename)%00%(upstream:remoteref) refs/heads/master refs/remotes/master [3ms]
2025-12-23 23:25:34.003 [warning] [Git][getBranch] No such branch: master
2025-12-23 23:25:34.008 [info] > git for-each-ref --format=%(refname)%00%(upstream:short)%00%(objectname)%00%(upstream:track)%00%(upstream:remotename)%00%(upstream:remoteref) refs/heads/master refs/remotes/master [10ms]
2025-12-23 23:25:34.008 [warning] [Git][getBranch] No such branch: master
2025-12-23 23:25:34.016 [info] [Git][getRemotes] No remotes found in the git config file
2025-12-23 23:25:34.016 [info] > git status -z -uall [10ms]
2025-12-23 23:25:34.016 [info] > git status -z -uall [5ms]
2025-12-23 23:25:34.017 [info] > git for-each-ref --sort -committerdate --format %(refname)%00%(objectname)%00%(*objectname) [4ms]
2025-12-23 23:25:34.020 [info] > git for-each-ref --sort -committerdate --format %(refname)%00%(objectname)%00%(*objectname) [12ms]
2025-12-23 23:25:34.029 [info] > git for-each-ref --format=%(refname)%00%(upstream:short)%00%(objectname)%00%(upstream:track)%00%(upstream:remotename)%00%(upstream:remoteref) refs/heads/master refs/remotes/master [5ms]
2025-12-23 23:25:34.029 [warning] [Git][getBranch] No such branch: master
2025-12-23 23:25:34.030 [error] [GitHistoryProvider][resolveHEADMergeBase] Failed to resolve merge base for master: Error: No such branch: master.
2025-12-23 23:25:34.030 [info] > git for-each-ref --format=%(refname)%00%(upstream:short)%00%(objectname)%00%(upstream:track)%00%(upstream:remotename)%00%(upstream:remoteref) refs/heads/master refs/remotes/master [14ms]
2025-12-23 23:25:34.030 [warning] [Git][getBranch] No such branch: master
2025-12-23 23:25:34.036 [info] > git status -z -uall [4ms]
2025-12-23 23:25:34.036 [info] > git for-each-ref --sort -committerdate --format %(refname)%00%(objectname)%00%(*objectname) [2ms]
2025-12-23 23:25:34.038 [info] > git config --get commit.template [9ms]
2025-12-23 23:25:34.041 [info] [Git][getRemotes] No remotes found in the git config file
2025-12-23 23:25:34.041 [info] > git for-each-ref --format=%(refname)%00%(upstream:short)%00%(objectname)%00%(upstream:track)%00%(upstream:remotename)%00%(upstream:remoteref) refs/heads/master refs/remotes/master [1ms]
2025-12-23 23:25:34.042 [warning] [Git][getBranch] No such branch: master
2025-12-23 23:25:34.046 [info] > git status -z -uall [2ms]
2025-12-23 23:25:34.047 [info] > git for-each-ref --sort -committerdate --format %(refname)%00%(objectname)%00%(*objectname) [1ms]
2025-12-23 23:25:34.083 [info] > git rev-parse --show-toplevel [3ms]
2025-12-23 23:25:34.083 [info] fatal: not a git repository (or any of the parent directories): .git
2025-12-23 23:25:34.454 [info] > git check-ignore -v -z --stdin [11ms]
2025-12-23 23:25:34.454 [info] > git check-ignore -v -z --stdin [5ms]
2025-12-23 23:25:34.454 [info] > git check-ignore -v -z --stdin [2ms]
2025-12-23 23:25:35.415 [info] > git rev-parse --show-toplevel [1ms]
2025-12-23 23:25:35.415 [info] fatal: not a git repository (or any of the parent directories): .git
