2025-12-23 23:15:34.532 [info] [main] Log level: Info
2025-12-23 23:15:34.532 [info] [main] Validating found git in: "git"
2025-12-23 23:15:34.532 [info] [main] Using git "2.52.0" from "git"
2025-12-23 23:15:34.532 [info] [Model][doInitialScan] Initial repository scan started
2025-12-23 23:15:34.534 [info] > git rev-parse --show-toplevel [3ms]
2025-12-23 23:15:34.534 [info] fatal: not a git repository (or any of the parent directories): .git
2025-12-23 23:15:34.539 [info] > git rev-parse --show-toplevel [3ms]
2025-12-23 23:15:34.546 [info] > git rev-parse --git-dir --git-common-dir --show-superproject-working-tree [4ms]
2025-12-23 23:15:34.554 [info] [Model][openRepository] Opened repository (path): /home/Raddarin/devR/Rust/hello-rust
2025-12-23 23:15:34.554 [info] [Model][openRepository] Opened repository (real path): /home/Raddarin/devR/Rust/hello-rust
2025-12-23 23:15:34.554 [info] [Model][openRepository] Opened repository (kind): repository
2025-12-23 23:15:34.563 [info] > git rev-parse --show-toplevel [2ms]
2025-12-23 23:15:34.563 [info] > git config --get commit.template [5ms]
2025-12-23 23:15:34.579 [info] [Git][getRemotes] No remotes found in the git config file
2025-12-23 23:15:34.579 [info] > git rev-parse --git-dir --git-common-dir --show-superproject-working-tree [13ms]
2025-12-23 23:15:34.582 [info] [Model][openRepository] Opened repository (path): /home/Raddarin/devR/Rust/light_in_atmo
2025-12-23 23:15:34.582 [info] [Model][openRepository] Opened repository (real path): /home/Raddarin/devR/Rust/light_in_atmo
2025-12-23 23:15:34.582 [info] [Model][openRepository] Opened repository (kind): repository
2025-12-23 23:15:34.590 [info] > git for-each-ref --format=%(refname)%00%(upstream:short)%00%(objectname)%00%(upstream:track)%00%(upstream:remotename)%00%(upstream:remoteref) refs/heads/master refs/remotes/master [12ms]
2025-12-23 23:15:34.590 [warning] [Git][getBranch] No such branch: master
2025-12-23 23:15:34.599 [info] > git status -z -uall [5ms]
2025-12-23 23:15:34.599 [info] > git rev-parse --show-toplevel [9ms]
2025-12-23 23:15:34.599 [info] > git config --get commit.template [11ms]
2025-12-23 23:15:34.604 [info] > git for-each-ref --sort -committerdate --format %(refname)%00%(objectname)%00%(*objectname) [6ms]
2025-12-23 23:15:34.615 [info] [Git][getRemotes] No remotes found in the git config file
2025-12-23 23:15:34.618 [info] > git for-each-ref --format=%(refname)%00%(upstream:short)%00%(objectname)%00%(upstream:track)%00%(upstream:remotename)%00%(upstream:remoteref) refs/heads/master refs/remotes/master [7ms]
2025-12-23 23:15:34.618 [warning] [Git][getBranch] No such branch: master
2025-12-23 23:15:34.619 [error] [GitHistoryProvider][resolveHEADMergeBase] Failed to resolve merge base for master: Error: No such branch: master.
2025-12-23 23:15:34.620 [info] > git rev-parse --git-dir --git-common-dir --show-superproject-working-tree [15ms]
2025-12-23 23:15:34.624 [info] [Model][openRepository] Opened repository (path): /home/Raddarin/devR/Rust/termo_test
2025-12-23 23:15:34.624 [info] [Model][openRepository] Opened repository (real path): /home/Raddarin/devR/Rust/termo_test
2025-12-23 23:15:34.624 [info] [Model][openRepository] Opened repository (kind): repository
2025-12-23 23:15:34.625 [info] [Model][doInitialScan] Initial repository scan completed - repositories (3), closed repositories (0), parent repositories (0), unsafe repositories (0)
2025-12-23 23:15:34.654 [info] > git config --get commit.template [36ms]
2025-12-23 23:15:34.654 [info] > git for-each-ref --format=%(refname)%00%(upstream:short)%00%(objectname)%00%(upstream:track)%00%(upstream:remotename)%00%(upstream:remoteref) refs/heads/master refs/remotes/master [39ms]
2025-12-23 23:15:34.654 [warning] [Git][getBranch] No such branch: master
2025-12-23 23:15:34.683 [info] > git status -z -uall [25ms]
2025-12-23 23:15:34.683 [info] > git for-each-ref --sort -committerdate --format %(refname)%00%(objectname)%00%(*objectname) [24ms]
2025-12-23 23:15:34.690 [info] > git rev-parse --show-toplevel [36ms]
2025-12-23 23:15:34.690 [info] fatal: not a git repository (or any of the parent directories): .git
2025-12-23 23:15:34.690 [info] > git config --get commit.template [38ms]
2025-12-23 23:15:34.696 [info] [Git][getRemotes] No remotes found in the git config file
2025-12-23 23:15:34.699 [info] > git for-each-ref --format=%(refname)%00%(upstream:short)%00%(objectname)%00%(upstream:track)%00%(upstream:remotename)%00%(upstream:remoteref) refs/heads/master refs/remotes/master [11ms]
2025-12-23 23:15:34.699 [warning] [Git][getBranch] No such branch: master
2025-12-23 23:15:34.700 [error] [GitHistoryProvider][resolveHEADMergeBase] Failed to resolve merge base for master: Error: No such branch: master.
2025-12-23 23:15:34.704 [info] [Git][getRemotes] No remotes found in the git config file
2025-12-23 23:15:34.705 [info] > git config --get commit.template [6ms]
2025-12-23 23:15:34.705 [info] > git for-each-ref --format=%(refname)%00%(upstream:short)%00%(objectname)%00%(upstream:track)%00%(upstream:remotename)%00%(upstream:remoteref) refs/heads/master refs/remotes/master [9ms]
2025-12-23 23:15:34.705 [warning] [Git][getBranch] No such branch: master
2025-12-23 23:15:34.712 [info] > git status -z -uall [5ms]
2025-12-23 23:15:34.712 [info] > git for-each-ref --format=%(refname)%00%(upstream:short)%00%(objectname)%00%(upstream:track)%00%(upstream:remotename)%00%(upstream:remoteref) refs/heads/master refs/remotes/master [9ms]
2025-12-23 23:15:34.713 [warning] [Git][getBranch] No such branch: master
2025-12-23 23:15:34.722 [info] [Git][getRemotes] No remotes found in the git config file
2025-12-23 23:15:34.722 [info] > git status -z -uall [7ms]
2025-12-23 23:15:34.722 [info] > git for-each-ref --sort -committerdate --format %(refname)%00%(objectname)%00%(*objectname) [4ms]
2025-12-23 23:15:34.730 [info] > git for-each-ref --sort -committerdate --format %(refname)%00%(objectname)%00%(*objectname) [20ms]
2025-12-23 23:15:34.736 [info] > git for-each-ref --format=%(refname)%00%(upstream:short)%00%(objectname)%00%(upstream:track)%00%(upstream:remotename)%00%(upstream:remoteref) refs/heads/master refs/remotes/master [8ms]
2025-12-23 23:15:34.736 [warning] [Git][getBranch] No such branch: master
2025-12-23 23:15:34.736 [error] [GitHistoryProvider][resolveHEADMergeBase] Failed to resolve merge base for master: Error: No such branch: master.
2025-12-23 23:15:34.736 [info] > git for-each-ref --format=%(refname)%00%(upstream:short)%00%(objectname)%00%(upstream:track)%00%(upstream:remotename)%00%(upstream:remoteref) refs/heads/master refs/remotes/master [15ms]
2025-12-23 23:15:34.736 [warning] [Git][getBranch] No such branch: master
2025-12-23 23:15:34.743 [info] > git status -z -uall [5ms]
2025-12-23 23:15:34.743 [info] > git for-each-ref --sort -committerdate --format %(refname)%00%(objectname)%00%(*objectname) [2ms]
2025-12-23 23:15:34.745 [info] > git config --get commit.template [10ms]
2025-12-23 23:15:34.748 [info] [Git][getRemotes] No remotes found in the git config file
2025-12-23 23:15:34.749 [info] > git for-each-ref --format=%(refname)%00%(upstream:short)%00%(objectname)%00%(upstream:track)%00%(upstream:remotename)%00%(upstream:remoteref) refs/heads/master refs/remotes/master [1ms]
2025-12-23 23:15:34.749 [warning] [Git][getBranch] No such branch: master
2025-12-23 23:15:34.754 [info] > git status -z -uall [3ms]
2025-12-23 23:15:34.755 [info] > git for-each-ref --sort -committerdate --format %(refname)%00%(objectname)%00%(*objectname) [1ms]
2025-12-23 23:15:34.814 [info] > git rev-parse --show-toplevel [1ms]
2025-12-23 23:15:34.814 [info] fatal: not a git repository (or any of the parent directories): .git
2025-12-23 23:15:35.196 [info] > git check-ignore -v -z --stdin [12ms]
2025-12-23 23:15:35.196 [info] > git check-ignore -v -z --stdin [6ms]
2025-12-23 23:15:35.196 [info] > git check-ignore -v -z --stdin [1ms]
2025-12-23 23:15:36.111 [info] > git rev-parse --show-toplevel [2ms]
2025-12-23 23:15:36.111 [info] fatal: not a git repository (or any of the parent directories): .git
