2025-12-23 23:44:37.576 [info] [main] Log level: Info
2025-12-23 23:44:37.576 [info] [main] Validating found git in: "git"
2025-12-23 23:44:37.576 [info] [main] Using git "2.52.0" from "git"
2025-12-23 23:44:37.576 [info] [Model][doInitialScan] Initial repository scan started
2025-12-23 23:44:37.576 [info] > git rev-parse --show-toplevel [4ms]
2025-12-23 23:44:37.576 [info] fatal: not a git repository (or any of the parent directories): .git
2025-12-23 23:44:37.576 [info] > git rev-parse --show-toplevel [1ms]
2025-12-23 23:44:37.576 [info] > git rev-parse --git-dir --git-common-dir --show-superproject-working-tree [2ms]
2025-12-23 23:44:37.576 [info] [Model][openRepository] Opened repository (path): /home/Raddarin/devR/Rust/hello-rust
2025-12-23 23:44:37.576 [info] [Model][openRepository] Opened repository (real path): /home/Raddarin/devR/Rust/hello-rust
2025-12-23 23:44:37.576 [info] [Model][openRepository] Opened repository (kind): repository
2025-12-23 23:44:37.576 [info] > git config --get commit.template [3ms]
2025-12-23 23:44:37.576 [info] > git rev-parse --show-toplevel [1ms]
2025-12-23 23:44:37.576 [info] [Git][getRemotes] No remotes found in the git config file
2025-12-23 23:44:37.576 [info] > git for-each-ref --format=%(refname)%00%(upstream:short)%00%(objectname)%00%(upstream:track)%00%(upstream:remotename)%00%(upstream:remoteref) refs/heads/master refs/remotes/master [4ms]
2025-12-23 23:44:37.576 [warning] [Git][getBranch] No such branch: master
2025-12-23 23:44:37.576 [info] > git status -z -uall [5ms]
2025-12-23 23:44:37.576 [info] > git rev-parse --git-dir --git-common-dir --show-superproject-working-tree [8ms]
2025-12-23 23:44:37.576 [info] [Model][openRepository] Opened repository (path): /home/Raddarin/devR/Rust/light_in_atmo
2025-12-23 23:44:37.576 [info] [Model][openRepository] Opened repository (real path): /home/Raddarin/devR/Rust/light_in_atmo
2025-12-23 23:44:37.576 [info] [Model][openRepository] Opened repository (kind): repository
2025-12-23 23:44:37.576 [info] > git for-each-ref --sort -committerdate --format %(refname)%00%(objectname)%00%(*objectname) [12ms]
2025-12-23 23:44:37.576 [info] > git for-each-ref --format=%(refname)%00%(upstream:short)%00%(objectname)%00%(upstream:track)%00%(upstream:remotename)%00%(upstream:remoteref) refs/heads/master refs/remotes/master [2ms]
2025-12-23 23:44:37.576 [warning] [Git][getBranch] No such branch: master
2025-12-23 23:44:37.576 [error] [GitHistoryProvider][resolveHEADMergeBase] Failed to resolve merge base for master: Error: No such branch: master.
2025-12-23 23:44:37.576 [info] > git rev-parse --show-toplevel [9ms]
2025-12-23 23:44:37.576 [info] > git config --get commit.template [13ms]
2025-12-23 23:44:37.576 [info] [Git][getRemotes] No remotes found in the git config file
2025-12-23 23:44:37.576 [info] > git rev-parse --git-dir --git-common-dir --show-superproject-working-tree [12ms]
2025-12-23 23:44:37.576 [info] [Model][openRepository] Opened repository (path): /home/Raddarin/devR/Rust/termo_test
2025-12-23 23:44:37.576 [info] [Model][openRepository] Opened repository (real path): /home/Raddarin/devR/Rust/termo_test
2025-12-23 23:44:37.576 [info] [Model][openRepository] Opened repository (kind): repository
2025-12-23 23:44:37.576 [info] [Model][doInitialScan] Initial repository scan completed - repositories (3), closed repositories (0), parent repositories (0), unsafe repositories (0)
2025-12-23 23:44:37.576 [info] > git config --get commit.template [6ms]
2025-12-23 23:44:37.576 [info] > git for-each-ref --format=%(refname)%00%(upstream:short)%00%(objectname)%00%(upstream:track)%00%(upstream:remotename)%00%(upstream:remoteref) refs/heads/master refs/remotes/master [8ms]
2025-12-23 23:44:37.576 [warning] [Git][getBranch] No such branch: master
2025-12-23 23:44:37.577 [info] > git status -z -uall [4ms]
2025-12-23 23:44:37.577 [info] > git config --get commit.template [7ms]
2025-12-23 23:44:37.578 [info] [Git][getRemotes] No remotes found in the git config file
2025-12-23 23:44:37.580 [info] > git for-each-ref --sort -committerdate --format %(refname)%00%(objectname)%00%(*objectname) [5ms]
2025-12-23 23:44:37.588 [info] [Git][getRemotes] No remotes found in the git config file
2025-12-23 23:44:37.590 [info] > git for-each-ref --format=%(refname)%00%(upstream:short)%00%(objectname)%00%(upstream:track)%00%(upstream:remotename)%00%(upstream:remoteref) refs/heads/master refs/remotes/master [5ms]
2025-12-23 23:44:37.590 [warning] [Git][getBranch] No such branch: master
2025-12-23 23:44:37.590 [error] [GitHistoryProvider][resolveHEADMergeBase] Failed to resolve merge base for master: Error: No such branch: master.
2025-12-23 23:44:37.590 [info] > git for-each-ref --format=%(refname)%00%(upstream:short)%00%(objectname)%00%(upstream:track)%00%(upstream:remotename)%00%(upstream:remoteref) refs/heads/master refs/remotes/master [10ms]
2025-12-23 23:44:37.590 [warning] [Git][getBranch] No such branch: master
2025-12-23 23:44:37.596 [info] > git status -z -uall [4ms]
2025-12-23 23:44:37.596 [info] > git config --get commit.template [7ms]
2025-12-23 23:44:37.596 [info] > git for-each-ref --format=%(refname)%00%(upstream:short)%00%(objectname)%00%(upstream:track)%00%(upstream:remotename)%00%(upstream:remoteref) refs/heads/master refs/remotes/master [9ms]
2025-12-23 23:44:37.596 [warning] [Git][getBranch] No such branch: master
2025-12-23 23:44:37.612 [info] > git status -z -uall [13ms]
2025-12-23 23:44:37.612 [info] > git for-each-ref --sort -committerdate --format %(refname)%00%(objectname)%00%(*objectname) [10ms]
2025-12-23 23:44:37.619 [info] > git for-each-ref --sort -committerdate --format %(refname)%00%(objectname)%00%(*objectname) [24ms]
2025-12-23 23:44:37.638 [info] [Git][getRemotes] No remotes found in the git config file
2025-12-23 23:44:37.641 [info] > git for-each-ref --format=%(refname)%00%(upstream:short)%00%(objectname)%00%(upstream:track)%00%(upstream:remotename)%00%(upstream:remoteref) refs/heads/master refs/remotes/master [24ms]
2025-12-23 23:44:37.641 [warning] [Git][getBranch] No such branch: master
2025-12-23 23:44:37.641 [error] [GitHistoryProvider][resolveHEADMergeBase] Failed to resolve merge base for master: Error: No such branch: master.
2025-12-23 23:44:37.643 [info] > git config --get commit.template [2ms]
2025-12-23 23:44:37.643 [info] > git for-each-ref --format=%(refname)%00%(upstream:short)%00%(objectname)%00%(upstream:track)%00%(upstream:remotename)%00%(upstream:remoteref) refs/heads/master refs/remotes/master [5ms]
2025-12-23 23:44:37.643 [warning] [Git][getBranch] No such branch: master
2025-12-23 23:44:37.656 [info] > git status -z -uall [11ms]
2025-12-23 23:44:37.656 [info] > git for-each-ref --sort -committerdate --format %(refname)%00%(objectname)%00%(*objectname) [7ms]
2025-12-23 23:44:37.661 [info] [Git][getRemotes] No remotes found in the git config file
2025-12-23 23:44:37.662 [info] > git for-each-ref --format=%(refname)%00%(upstream:short)%00%(objectname)%00%(upstream:track)%00%(upstream:remotename)%00%(upstream:remoteref) refs/heads/master refs/remotes/master [1ms]
2025-12-23 23:44:37.662 [warning] [Git][getBranch] No such branch: master
2025-12-23 23:44:37.669 [info] > git status -z -uall [5ms]
2025-12-23 23:44:37.669 [info] > git for-each-ref --sort -committerdate --format %(refname)%00%(objectname)%00%(*objectname) [2ms]
2025-12-23 23:44:37.712 [info] > git rev-parse --show-toplevel [1ms]
2025-12-23 23:44:37.712 [info] fatal: not a git repository (or any of the parent directories): .git
2025-12-23 23:44:38.130 [info] > git check-ignore -v -z --stdin [11ms]
2025-12-23 23:44:38.131 [info] > git check-ignore -v -z --stdin [7ms]
2025-12-23 23:44:38.131 [info] > git check-ignore -v -z --stdin [2ms]
2025-12-23 23:44:39.172 [info] > git rev-parse --show-toplevel [1ms]
2025-12-23 23:44:39.172 [info] fatal: not a git repository (or any of the parent directories): .git
