2025-12-23 23:33:42.660 [info] [main] Log level: Info
2025-12-23 23:33:42.660 [info] [main] Validating found git in: "git"
2025-12-23 23:33:42.660 [info] [main] Using git "2.52.0" from "git"
2025-12-23 23:33:42.660 [info] [Model][doInitialScan] Initial repository scan started
2025-12-23 23:33:42.660 [info] > git rev-parse --show-toplevel [4ms]
2025-12-23 23:33:42.660 [info] fatal: not a git repository (or any of the parent directories): .git
2025-12-23 23:33:42.660 [info] > git rev-parse --show-toplevel [2ms]
2025-12-23 23:33:42.660 [info] > git rev-parse --git-dir --git-common-dir --show-superproject-working-tree [2ms]
2025-12-23 23:33:42.660 [info] [Model][openRepository] Opened repository (path): /home/Raddarin/devR/Rust/hello-rust
2025-12-23 23:33:42.660 [info] [Model][openRepository] Opened repository (real path): /home/Raddarin/devR/Rust/hello-rust
2025-12-23 23:33:42.660 [info] [Model][openRepository] Opened repository (kind): repository
2025-12-23 23:33:42.660 [info] > git config --get commit.template [3ms]
2025-12-23 23:33:42.660 [info] > git rev-parse --show-toplevel [1ms]
2025-12-23 23:33:42.660 [info] [Git][getRemotes] No remotes found in the git config file
2025-12-23 23:33:42.660 [info] > git for-each-ref --format=%(refname)%00%(upstream:short)%00%(objectname)%00%(upstream:track)%00%(upstream:remotename)%00%(upstream:remoteref) refs/heads/master refs/remotes/master [3ms]
2025-12-23 23:33:42.660 [warning] [Git][getBranch] No such branch: master
2025-12-23 23:33:42.660 [info] > git status -z -uall [4ms]
2025-12-23 23:33:42.660 [info] > git rev-parse --git-dir --git-common-dir --show-superproject-working-tree [8ms]
2025-12-23 23:33:42.660 [info] [Model][openRepository] Opened repository (path): /home/Raddarin/devR/Rust/light_in_atmo
2025-12-23 23:33:42.660 [info] [Model][openRepository] Opened repository (real path): /home/Raddarin/devR/Rust/light_in_atmo
2025-12-23 23:33:42.660 [info] [Model][openRepository] Opened repository (kind): repository
2025-12-23 23:33:42.660 [info] > git for-each-ref --sort -committerdate --format %(refname)%00%(objectname)%00%(*objectname) [10ms]
2025-12-23 23:33:42.660 [info] > git rev-parse --show-toplevel [14ms]
2025-12-23 23:33:42.660 [info] > git config --get commit.template [16ms]
2025-12-23 23:33:42.660 [info] > git for-each-ref --format=%(refname)%00%(upstream:short)%00%(objectname)%00%(upstream:track)%00%(upstream:remotename)%00%(upstream:remoteref) refs/heads/master refs/remotes/master [12ms]
2025-12-23 23:33:42.660 [warning] [Git][getBranch] No such branch: master
2025-12-23 23:33:42.660 [error] [GitHistoryProvider][resolveHEADMergeBase] Failed to resolve merge base for master: Error: No such branch: master.
2025-12-23 23:33:42.660 [info] [Git][getRemotes] No remotes found in the git config file
2025-12-23 23:33:42.660 [info] > git config --get commit.template [6ms]
2025-12-23 23:33:42.662 [info] > git for-each-ref --format=%(refname)%00%(upstream:short)%00%(objectname)%00%(upstream:track)%00%(upstream:remotename)%00%(upstream:remoteref) refs/heads/master refs/remotes/master [2ms]
2025-12-23 23:33:42.662 [warning] [Git][getBranch] No such branch: master
2025-12-23 23:33:42.668 [info] > git rev-parse --git-dir --git-common-dir --show-superproject-working-tree [12ms]
2025-12-23 23:33:42.671 [info] [Model][openRepository] Opened repository (path): /home/Raddarin/devR/Rust/termo_test
2025-12-23 23:33:42.671 [info] [Model][openRepository] Opened repository (real path): /home/Raddarin/devR/Rust/termo_test
2025-12-23 23:33:42.671 [info] [Model][openRepository] Opened repository (kind): repository
2025-12-23 23:33:42.671 [info] [Model][doInitialScan] Initial repository scan completed - repositories (3), closed repositories (0), parent repositories (0), unsafe repositories (0)
2025-12-23 23:33:42.671 [info] [Git][getRemotes] No remotes found in the git config file
2025-12-23 23:33:42.676 [info] > git status -z -uall [12ms]
2025-12-23 23:33:42.676 [info] > git for-each-ref --sort -committerdate --format %(refname)%00%(objectname)%00%(*objectname) [8ms]
2025-12-23 23:33:42.686 [info] > git for-each-ref --format=%(refname)%00%(upstream:short)%00%(objectname)%00%(upstream:track)%00%(upstream:remotename)%00%(upstream:remoteref) refs/heads/master refs/remotes/master [5ms]
2025-12-23 23:33:42.686 [warning] [Git][getBranch] No such branch: master
2025-12-23 23:33:42.686 [error] [GitHistoryProvider][resolveHEADMergeBase] Failed to resolve merge base for master: Error: No such branch: master.
2025-12-23 23:33:42.686 [info] > git config --get commit.template [10ms]
2025-12-23 23:33:42.686 [info] > git for-each-ref --format=%(refname)%00%(upstream:short)%00%(objectname)%00%(upstream:track)%00%(upstream:remotename)%00%(upstream:remoteref) refs/heads/master refs/remotes/master [13ms]
2025-12-23 23:33:42.686 [warning] [Git][getBranch] No such branch: master
2025-12-23 23:33:42.709 [info] > git status -z -uall [21ms]
2025-12-23 23:33:42.709 [info] > git for-each-ref --sort -committerdate --format %(refname)%00%(objectname)%00%(*objectname) [18ms]
2025-12-23 23:33:42.711 [info] > git config --get commit.template [26ms]
2025-12-23 23:33:42.726 [info] [Git][getRemotes] No remotes found in the git config file
2025-12-23 23:33:42.730 [info] [Git][getRemotes] No remotes found in the git config file
2025-12-23 23:33:42.731 [info] > git for-each-ref --format=%(refname)%00%(upstream:short)%00%(objectname)%00%(upstream:track)%00%(upstream:remotename)%00%(upstream:remoteref) refs/heads/master refs/remotes/master [5ms]
2025-12-23 23:33:42.731 [warning] [Git][getBranch] No such branch: master
2025-12-23 23:33:42.738 [info] > git status -z -uall [5ms]
2025-12-23 23:33:42.738 [info] > git for-each-ref --sort -committerdate --format %(refname)%00%(objectname)%00%(*objectname) [1ms]
2025-12-23 23:33:42.745 [info] > git for-each-ref --format=%(refname)%00%(upstream:short)%00%(objectname)%00%(upstream:track)%00%(upstream:remotename)%00%(upstream:remoteref) refs/heads/master refs/remotes/master [15ms]
2025-12-23 23:33:42.745 [warning] [Git][getBranch] No such branch: master
2025-12-23 23:33:42.757 [info] > git status -z -uall [9ms]
2025-12-23 23:33:42.757 [info] > git for-each-ref --sort -committerdate --format %(refname)%00%(objectname)%00%(*objectname) [5ms]
2025-12-23 23:33:42.761 [info] > git for-each-ref --format=%(refname)%00%(upstream:short)%00%(objectname)%00%(upstream:track)%00%(upstream:remotename)%00%(upstream:remoteref) refs/heads/master refs/remotes/master [18ms]
2025-12-23 23:33:42.761 [warning] [Git][getBranch] No such branch: master
2025-12-23 23:33:42.761 [error] [GitHistoryProvider][resolveHEADMergeBase] Failed to resolve merge base for master: Error: No such branch: master.
2025-12-23 23:33:42.771 [info] > git config --get commit.template [15ms]
2025-12-23 23:33:42.775 [info] > git rev-parse --show-toplevel [4ms]
2025-12-23 23:33:42.775 [info] fatal: not a git repository (or any of the parent directories): .git
2025-12-23 23:33:42.778 [info] [Git][getRemotes] No remotes found in the git config file
2025-12-23 23:33:42.779 [info] > git for-each-ref --format=%(refname)%00%(upstream:short)%00%(objectname)%00%(upstream:track)%00%(upstream:remotename)%00%(upstream:remoteref) refs/heads/master refs/remotes/master [1ms]
2025-12-23 23:33:42.779 [warning] [Git][getBranch] No such branch: master
2025-12-23 23:33:42.785 [info] > git status -z -uall [4ms]
2025-12-23 23:33:42.786 [info] > git for-each-ref --sort -committerdate --format %(refname)%00%(objectname)%00%(*objectname) [1ms]
2025-12-23 23:33:43.219 [info] > git check-ignore -v -z --stdin [6ms]
2025-12-23 23:33:43.220 [info] > git check-ignore -v -z --stdin [4ms]
2025-12-23 23:33:43.220 [info] > git check-ignore -v -z --stdin [1ms]
2025-12-23 23:33:44.241 [info] > git rev-parse --show-toplevel [1ms]
2025-12-23 23:33:44.241 [info] fatal: not a git repository (or any of the parent directories): .git
