2025-12-28 00:25:19.143 [info] Reading sessions from keychain...
2025-12-28 00:25:19.143 [info] Getting sessions for all scopes...
2025-12-28 00:25:19.143 [info] Got 0 sessions for ...
2025-12-28 00:25:19.143 [info] Getting sessions for all scopes...
2025-12-28 00:25:19.143 [info] Got 0 sessions for ...
2025-12-28 00:25:19.143 [info] Getting sessions for all scopes...
2025-12-28 00:25:19.143 [info] Got 0 sessions for ...
2025-12-28 00:25:19.143 [info] Getting sessions for all scopes...
2025-12-28 00:25:19.143 [info] Got 0 sessions for ...
2025-12-28 00:25:19.143 [info] Getting sessions for all scopes...
2025-12-28 00:25:19.143 [info] Got 0 sessions for ...
2025-12-28 00:25:19.143 [info] Getting sessions for all scopes...
2025-12-28 00:25:19.143 [info] Got 0 sessions for ...
2025-12-28 00:25:19.143 [info] Getting sessions for all scopes...
2025-12-28 00:25:19.143 [info] Got 0 sessions for ...
2025-12-28 00:25:19.143 [info] Getting sessions for all scopes...
2025-12-28 00:25:19.143 [info] Got 0 sessions for ...
2025-12-28 00:25:19.143 [info] Getting sessions for all scopes...
2025-12-28 00:25:19.143 [info] Got 0 sessions for ...
2025-12-28 00:25:19.143 [info] Getting sessions for all scopes...
2025-12-28 00:25:19.143 [info] Got 0 sessions for ...
2025-12-28 00:25:19.143 [info] Getting sessions for all scopes...
2025-12-28 00:25:19.143 [info] Got 0 sessions for ...
2025-12-28 00:25:19.143 [info] Getting sessions for all scopes...
2025-12-28 00:25:19.143 [info] Got 0 sessions for ...
2025-12-28 00:25:19.143 [info] Getting sessions for all scopes...
2025-12-28 00:25:19.143 [info] Got 0 sessions for ...
2025-12-28 00:25:19.143 [info] Getting sessions for all scopes...
2025-12-28 00:25:19.143 [info] Got 0 sessions for ...
2025-12-28 00:25:19.143 [info] Getting sessions for all scopes...
2025-12-28 00:25:19.143 [info] Got 0 sessions for ...
2025-12-28 00:25:19.931 [info] Getting sessions for read:user,repo,user:email,workflow...
2025-12-28 00:25:19.931 [info] Got 0 sessions for read:user,repo,user:email,workflow...
2025-12-28 00:25:20.483 [info] Getting sessions for all scopes...
2025-12-28 00:25:20.483 [info] Got 0 sessions for ...
2025-12-28 00:25:59.316 [info] Reading sessions from keychain...
2025-12-28 00:25:59.316 [info] Getting sessions for all scopes...
2025-12-28 00:25:59.316 [info] Got 0 sessions for ...
2025-12-28 00:25:59.316 [info] Getting sessions for all scopes...
2025-12-28 00:25:59.316 [info] Got 0 sessions for ...
2025-12-28 00:25:59.316 [info] Getting sessions for all scopes...
2025-12-28 00:25:59.316 [info] Got 0 sessions for ...
2025-12-28 00:25:59.316 [info] Getting sessions for all scopes...
2025-12-28 00:25:59.316 [info] Got 0 sessions for ...
2025-12-28 00:25:59.316 [info] Getting sessions for all scopes...
2025-12-28 00:25:59.316 [info] Got 0 sessions for ...
2025-12-28 00:25:59.316 [info] Getting sessions for all scopes...
2025-12-28 00:25:59.316 [info] Got 0 sessions for ...
2025-12-28 00:25:59.316 [info] Getting sessions for all scopes...
2025-12-28 00:25:59.316 [info] Got 0 sessions for ...
2025-12-28 00:25:59.316 [info] Getting sessions for all scopes...
2025-12-28 00:25:59.316 [info] Got 0 sessions for ...
2025-12-28 00:25:59.316 [info] Getting sessions for all scopes...
2025-12-28 00:25:59.316 [info] Got 0 sessions for ...
2025-12-28 00:25:59.316 [info] Getting sessions for all scopes...
2025-12-28 00:25:59.316 [info] Got 0 sessions for ...
2025-12-28 00:25:59.316 [info] Getting sessions for all scopes...
2025-12-28 00:25:59.316 [info] Got 0 sessions for ...
2025-12-28 00:25:59.316 [info] Getting sessions for all scopes...
2025-12-28 00:25:59.316 [info] Got 0 sessions for ...
2025-12-28 00:25:59.316 [info] Getting sessions for all scopes...
2025-12-28 00:25:59.316 [info] Got 0 sessions for ...
2025-12-28 00:26:01.036 [info] Getting sessions for all scopes...
2025-12-28 00:26:01.036 [info] Got 0 sessions for ...
2025-12-28 00:26:01.435 [info] Getting sessions for all scopes...
2025-12-28 00:26:01.435 [info] Got 0 sessions for ...
