2025-12-23 23:45:37.878 [info] Reading sessions from keychain...
2025-12-23 23:45:37.878 [info] Getting sessions for all scopes...
2025-12-23 23:45:37.895 [info] Got 0 sessions for ...
2025-12-23 23:45:37.895 [info] Getting sessions for all scopes...
2025-12-23 23:45:37.895 [info] Got 0 sessions for ...
2025-12-23 23:45:37.896 [info] Getting sessions for all scopes...
2025-12-23 23:45:37.896 [info] Got 0 sessions for ...
2025-12-23 23:45:37.896 [info] Getting sessions for all scopes...
2025-12-23 23:45:37.896 [info] Got 0 sessions for ...
2025-12-23 23:45:37.896 [info] Getting sessions for all scopes...
2025-12-23 23:45:37.896 [info] Got 0 sessions for ...
2025-12-23 23:45:37.896 [info] Getting sessions for all scopes...
2025-12-23 23:45:37.896 [info] Got 0 sessions for ...
2025-12-23 23:45:37.896 [info] Getting sessions for all scopes...
2025-12-23 23:45:37.896 [info] Got 0 sessions for ...
2025-12-23 23:45:37.923 [info] Getting sessions for all scopes...
2025-12-23 23:45:37.924 [info] Got 0 sessions for ...
2025-12-23 23:45:37.924 [info] Getting sessions for all scopes...
2025-12-23 23:45:37.924 [info] Got 0 sessions for ...
2025-12-23 23:45:37.924 [info] Getting sessions for all scopes...
2025-12-23 23:45:37.924 [info] Got 0 sessions for ...
2025-12-23 23:45:37.924 [info] Getting sessions for all scopes...
2025-12-23 23:45:37.924 [info] Got 0 sessions for ...
2025-12-23 23:45:37.924 [info] Getting sessions for all scopes...
2025-12-23 23:45:37.924 [info] Got 0 sessions for ...
2025-12-23 23:45:37.924 [info] Getting sessions for all scopes...
2025-12-23 23:45:37.924 [info] Got 0 sessions for ...
2025-12-23 23:45:37.986 [info] Getting sessions for all scopes...
2025-12-23 23:45:37.986 [info] Got 0 sessions for ...
2025-12-23 23:45:39.637 [info] Getting sessions for all scopes...
2025-12-23 23:45:39.637 [info] Got 0 sessions for ...
2025-12-23 23:45:52.018 [info] Reading sessions from keychain...
2025-12-23 23:45:52.018 [info] Getting sessions for all scopes...
2025-12-23 23:45:52.018 [info] Got 0 sessions for ...
2025-12-23 23:45:52.018 [info] Getting sessions for all scopes...
2025-12-23 23:45:52.018 [info] Got 0 sessions for ...
2025-12-23 23:45:52.018 [info] Getting sessions for all scopes...
2025-12-23 23:45:52.018 [info] Got 0 sessions for ...
2025-12-23 23:45:52.018 [info] Getting sessions for all scopes...
2025-12-23 23:45:52.018 [info] Got 0 sessions for ...
2025-12-23 23:45:52.018 [info] Getting sessions for all scopes...
2025-12-23 23:45:52.018 [info] Got 0 sessions for ...
2025-12-23 23:45:52.018 [info] Getting sessions for all scopes...
2025-12-23 23:45:52.018 [info] Got 0 sessions for ...
2025-12-23 23:45:52.018 [info] Getting sessions for all scopes...
2025-12-23 23:45:52.018 [info] Got 0 sessions for ...
2025-12-23 23:45:52.018 [info] Getting sessions for all scopes...
2025-12-23 23:45:52.018 [info] Got 0 sessions for ...
2025-12-23 23:45:52.018 [info] Getting sessions for all scopes...
2025-12-23 23:45:52.018 [info] Got 0 sessions for ...
2025-12-23 23:45:52.018 [info] Getting sessions for all scopes...
2025-12-23 23:45:52.018 [info] Got 0 sessions for ...
2025-12-23 23:45:52.018 [info] Getting sessions for all scopes...
2025-12-23 23:45:52.018 [info] Got 0 sessions for ...
2025-12-23 23:45:52.018 [info] Getting sessions for all scopes...
2025-12-23 23:45:52.018 [info] Got 0 sessions for ...
2025-12-23 23:45:52.018 [info] Getting sessions for all scopes...
2025-12-23 23:45:52.018 [info] Got 0 sessions for ...
2025-12-23 23:45:52.018 [info] Getting sessions for all scopes...
2025-12-23 23:45:52.018 [info] Got 0 sessions for ...
2025-12-23 23:45:52.641 [info] Getting sessions for read:user,repo,user:email,workflow...
2025-12-23 23:45:52.641 [info] Got 0 sessions for read:user,repo,user:email,workflow...
2025-12-23 23:45:54.054 [info] Getting sessions for all scopes...
2025-12-23 23:45:54.054 [info] Got 0 sessions for ...
