2025-12-28 00:25:18.374 [info] Extension host with pid 51441 started
2025-12-28 00:25:18.374 [info] Skipping acquiring lock for /home/Raddarin/.config/Code - OSS/User/workspaceStorage/2321d8f80eaeda7827ac99d5c1b7a9f7.
2025-12-28 00:25:18.517 [info] ExtensionService#_doActivateExtension vscode.github-authentication, startup: false, activationEvent: 'onAuthenticationRequest:github'
2025-12-28 00:25:18.552 [info] ExtensionService#_doActivateExtension vscode.emmet, startup: false, activationEvent: 'onLanguage'
2025-12-28 00:25:18.577 [info] ExtensionService#_doActivateExtension redhat.java, startup: false, activationEvent: 'onLanguage:java'
2025-12-28 00:25:18.731 [info] ExtensionService#_doActivateExtension vscjava.vscode-java-debug, startup: false, activationEvent: 'onLanguage:java'
2025-12-28 00:25:18.783 [info] ExtensionService#_doActivateExtension vscjava.vscode-java-dependency, startup: false, activationEvent: 'onLanguage:java'
2025-12-28 00:25:18.865 [info] ExtensionService#_doActivateExtension vscjava.vscode-java-pack, startup: false, activationEvent: 'onLanguage:java'
2025-12-28 00:25:19.044 [info] ExtensionService#_doActivateExtension vscode.terminal-suggest, startup: false, activationEvent: 'onTerminalShellIntegration:*'
2025-12-28 00:25:19.163 [warning] [redhat.java] Accessing a resource scoped configuration without providing a resource is not expected. To get the effective value for '[java]', provide the URI of a resource or 'null' for any resource.
2025-12-28 00:25:19.211 [info] ExtensionService#_doActivateExtension vscjava.vscode-java-test, startup: false, activationEvent: 'onLanguage:java'
2025-12-28 00:25:19.315 [warning] [redhat.java] Accessing a resource scoped configuration without providing a resource is not expected. To get the effective value for '[java]', provide the URI of a resource or 'null' for any resource.
2025-12-28 00:25:19.404 [info] ExtensionService#_doActivateExtension vscode.git-base, startup: true, activationEvent: '*', root cause: vscode.git
2025-12-28 00:25:19.431 [info] ExtensionService#_doActivateExtension vscode.git, startup: true, activationEvent: '*'
2025-12-28 00:25:19.503 [info] ExtensionService#_doActivateExtension vscode.github, startup: true, activationEvent: '*'
2025-12-28 00:25:19.558 [info] ExtensionService#_doActivateExtension vscjava.vscode-maven, startup: true, activationEvent: 'workspaceContains:**/pom.xml'
2025-12-28 00:25:24.318 [info] Eager extensions activated
2025-12-28 00:25:24.335 [info] ExtensionService#_doActivateExtension vscode.debug-auto-launch, startup: false, activationEvent: 'onStartupFinished'
2025-12-28 00:25:24.338 [info] ExtensionService#_doActivateExtension vscode.merge-conflict, startup: false, activationEvent: 'onStartupFinished'
2025-12-28 00:25:58.234 [info] Extension host terminating: renderer closed the MessagePort
2025-12-28 00:25:58.257 [info] Extension host with pid 51441 exiting with code 0
2025-12-28 00:25:59.184 [info] Extension host with pid 53158 started
2025-12-28 00:25:59.184 [info] Skipping acquiring lock for /home/Raddarin/.config/Code - OSS/User/workspaceStorage/295d81db5aabe6a6d3adf1fab83755ab.
2025-12-28 00:25:59.203 [info] ExtensionService#_doActivateExtension vscode.github-authentication, startup: false, activationEvent: 'onAuthenticationRequest:github'
2025-12-28 00:25:59.224 [info] ExtensionService#_doActivateExtension vscode.emmet, startup: false, activationEvent: 'onLanguage'
2025-12-28 00:25:59.249 [info] ExtensionService#_doActivateExtension vscode.git-base, startup: true, activationEvent: '*', root cause: vscode.git
2025-12-28 00:25:59.278 [info] ExtensionService#_doActivateExtension vscode.git, startup: true, activationEvent: '*'
2025-12-28 00:25:59.311 [info] ExtensionService#_doActivateExtension vscode.github, startup: true, activationEvent: '*'
2025-12-28 00:25:59.376 [info] Eager extensions activated
2025-12-28 00:25:59.377 [info] ExtensionService#_doActivateExtension vscode.debug-auto-launch, startup: false, activationEvent: 'onStartupFinished'
2025-12-28 00:25:59.378 [info] ExtensionService#_doActivateExtension vscode.merge-conflict, startup: false, activationEvent: 'onStartupFinished'
2025-12-28 00:26:11.262 [info] Extension host terminating: renderer closed the MessagePort
2025-12-28 00:26:11.268 [info] Extension host with pid 53158 exiting with code 0
