2025-12-23 23:45:37.609 [info] Extension host with pid 14052 started
2025-12-23 23:45:37.609 [info] Skipping acquiring lock for /home/Raddarin/.config/Code - OSS/User/workspaceStorage/edbff4cc5b5693c8487d5c4812544387.
2025-12-23 23:45:37.709 [info] ExtensionService#_doActivateExtension vscode.github-authentication, startup: false, activationEvent: 'onAuthenticationRequest:github'
2025-12-23 23:45:37.735 [info] ExtensionService#_doActivateExtension vscode.emmet, startup: false, activationEvent: 'onLanguage'
2025-12-23 23:45:37.891 [info] ExtensionService#_doActivateExtension vscode.git-base, startup: true, activationEvent: '*', root cause: vscode.git
2025-12-23 23:45:37.924 [info] ExtensionService#_doActivateExtension vscode.git, startup: true, activationEvent: '*'
2025-12-23 23:45:37.977 [info] ExtensionService#_doActivateExtension vscode.github, startup: true, activationEvent: '*'
2025-12-23 23:45:38.108 [info] Eager extensions activated
2025-12-23 23:45:38.130 [info] ExtensionService#_doActivateExtension vscode.debug-auto-launch, startup: false, activationEvent: 'onStartupFinished'
2025-12-23 23:45:38.133 [info] ExtensionService#_doActivateExtension vscode.merge-conflict, startup: false, activationEvent: 'onStartupFinished'
2025-12-23 23:45:50.979 [info] Extension host terminating: renderer closed the MessagePort
2025-12-23 23:45:50.995 [info] Extension host with pid 14052 exiting with code 0
2025-12-23 23:45:51.879 [info] Extension host with pid 15020 started
2025-12-23 23:45:51.879 [info] Skipping acquiring lock for /home/Raddarin/.config/Code - OSS/User/workspaceStorage/2321d8f80eaeda7827ac99d5c1b7a9f7.
2025-12-23 23:45:51.908 [info] ExtensionService#_doActivateExtension vscode.github-authentication, startup: false, activationEvent: 'onAuthenticationRequest:github'
2025-12-23 23:45:51.943 [info] ExtensionService#_doActivateExtension vscode.emmet, startup: false, activationEvent: 'onLanguage'
2025-12-23 23:45:51.983 [info] ExtensionService#_doActivateExtension vscode.git-base, startup: true, activationEvent: '*', root cause: vscode.git
2025-12-23 23:45:52.023 [info] ExtensionService#_doActivateExtension vscode.git, startup: true, activationEvent: '*'
2025-12-23 23:45:52.064 [info] ExtensionService#_doActivateExtension vscode.github, startup: true, activationEvent: '*'
2025-12-23 23:45:52.133 [info] ExtensionService#_doActivateExtension redhat.java, startup: true, activationEvent: 'workspaceContains:*/pom.xml,*/build.gradle,*/settings.gradle,*/build.gradle.kts,*/settings.gradle.kts,*/.classpath', root cause: vscjava.vscode-java-test
2025-12-23 23:45:52.251 [info] ExtensionService#_doActivateExtension vscjava.vscode-java-debug, startup: true, activationEvent: 'workspaceContains:*/pom.xml,*/build.gradle,*/settings.gradle,*/build.gradle.kts,*/settings.gradle.kts,*/.classpath', root cause: vscjava.vscode-java-test
2025-12-23 23:45:52.279 [info] ExtensionService#_doActivateExtension vscjava.vscode-java-pack, startup: true, activationEvent: 'workspaceContains:*/pom.xml,*/build.gradle,*/settings.gradle,*/build.gradle.kts,*/settings.gradle.kts,*/.classpath'
2025-12-23 23:45:52.338 [info] ExtensionService#_doActivateExtension vscjava.vscode-java-dependency, startup: true, activationEvent: 'workspaceContains:*/pom.xml,*/build.gradle,*/settings.gradle,*/build.gradle.kts,*/settings.gradle.kts,*/.classpath'
2025-12-23 23:45:52.381 [info] ExtensionService#_doActivateExtension vscjava.vscode-maven, startup: true, activationEvent: 'workspaceContains:**/pom.xml'
2025-12-23 23:45:52.653 [warning] [redhat.java] Accessing a resource scoped configuration without providing a resource is not expected. To get the effective value for '[java]', provide the URI of a resource or 'null' for any resource.
2025-12-23 23:45:52.680 [info] ExtensionService#_doActivateExtension vscjava.vscode-java-test, startup: true, activationEvent: 'workspaceContains:*/pom.xml,*/build.gradle,*/settings.gradle,*/build.gradle.kts,*/settings.gradle.kts,*/.classpath'
2025-12-23 23:45:52.747 [warning] [redhat.java] Accessing a resource scoped configuration without providing a resource is not expected. To get the effective value for '[java]', provide the URI of a resource or 'null' for any resource.
2025-12-23 23:45:54.474 [error] Error: ENOENT: no such file or directory, open '/home/Raddarin/.config/Code - OSS/User/workspaceStorage/2321d8f80eaeda7827ac99d5c1b7a9f7/redhat.java/jdt_ws/.metadata/.log'
	at async open (node:internal/fs/promises:641:25)
	at async Object.readFile (node:internal/fs/promises:1245:14)
2025-12-23 23:45:55.810 [error] Error: ENOENT: no such file or directory, open '/home/Raddarin/.config/Code - OSS/User/workspaceStorage/2321d8f80eaeda7827ac99d5c1b7a9f7/redhat.java/jdt_ws/.metadata/.log'
	at async open (node:internal/fs/promises:641:25)
	at async Object.readFile (node:internal/fs/promises:1245:14)
2025-12-23 23:45:56.799 [info] Eager extensions activated
2025-12-23 23:45:56.809 [info] ExtensionService#_doActivateExtension vscode.debug-auto-launch, startup: false, activationEvent: 'onStartupFinished'
2025-12-23 23:45:56.812 [info] ExtensionService#_doActivateExtension vscode.merge-conflict, startup: false, activationEvent: 'onStartupFinished'
2025-12-23 23:46:01.951 [error] [redhat.java] provider FAILED
2025-12-23 23:46:01.953 [error] Error: The request (id: 20, method: 'textDocument/hover') has been cancelled
	at /home/Raddarin/.vscode-oss/extensions/redhat.java-1.50.0-universal/dist/extension.js:2:1056002
	at re (/home/Raddarin/.vscode-oss/extensions/redhat.java-1.50.0-universal/dist/extension.js:2:1056296)
	at /home/Raddarin/.vscode-oss/extensions/redhat.java-1.50.0-universal/dist/extension.js:2:1051080
	at Immediate.<anonymous> (/home/Raddarin/.vscode-oss/extensions/redhat.java-1.50.0-universal/dist/extension.js:2:1051100)
	at process.processImmediate (node:internal/timers:485:21)
2025-12-23 23:46:03.684 [info] ExtensionService#_doActivateExtension vscode.debug-server-ready, startup: false, activationEvent: 'onDebugResolve'
2025-12-23 23:46:04.351 [info] ExtensionService#_doActivateExtension vscode.terminal-suggest, startup: false, activationEvent: 'onTerminalShellIntegration:*'
2025-12-23 23:46:09.905 [info] ExtensionService#_doActivateExtension vscode.npm, startup: false, activationEvent: 'onTerminalQuickFixRequest:ms-vscode.npm-command'
