2025-12-23 23:28:58.268 [info] [main] Log level: Info
2025-12-23 23:28:58.268 [info] [main] Validating found git in: "git"
2025-12-23 23:28:58.268 [info] [main] Using git "2.52.0" from "git"
2025-12-23 23:28:58.268 [info] [Model][doInitialScan] Initial repository scan started
2025-12-23 23:28:58.268 [info] > git rev-parse --show-toplevel [9ms]
2025-12-23 23:28:58.268 [info] fatal: not a git repository (or any of the parent directories): .git
2025-12-23 23:28:58.268 [info] > git rev-parse --show-toplevel [2ms]
2025-12-23 23:28:58.268 [info] > git rev-parse --git-dir --git-common-dir --show-superproject-working-tree [3ms]
2025-12-23 23:28:58.268 [info] [Model][openRepository] Opened repository (path): /home/Raddarin/devR/Rust/hello-rust
2025-12-23 23:28:58.268 [info] [Model][openRepository] Opened repository (real path): /home/Raddarin/devR/Rust/hello-rust
2025-12-23 23:28:58.268 [info] [Model][openRepository] Opened repository (kind): repository
2025-12-23 23:28:58.268 [info] > git config --get commit.template [3ms]
2025-12-23 23:28:58.268 [info] > git rev-parse --show-toplevel [2ms]
2025-12-23 23:28:58.268 [info] fatal: not a git repository (or any of the parent directories): .git
2025-12-23 23:28:58.268 [info] [Git][getRemotes] No remotes found in the git config file
2025-12-23 23:28:58.268 [info] > git for-each-ref --format=%(refname)%00%(upstream:short)%00%(objectname)%00%(upstream:track)%00%(upstream:remotename)%00%(upstream:remoteref) refs/heads/master refs/remotes/master [3ms]
2025-12-23 23:28:58.268 [warning] [Git][getBranch] No such branch: master
2025-12-23 23:28:58.268 [info] > git status -z -uall [3ms]
2025-12-23 23:28:58.268 [info] > git rev-parse --show-toplevel [8ms]
2025-12-23 23:28:58.268 [info] > git for-each-ref --sort -committerdate --format %(refname)%00%(objectname)%00%(*objectname) [2ms]
2025-12-23 23:28:58.268 [info] > git rev-parse --git-dir --git-common-dir --show-superproject-working-tree [9ms]
2025-12-23 23:28:58.268 [info] [Model][openRepository] Opened repository (path): /home/Raddarin/devR/Rust/light_in_atmo
2025-12-23 23:28:58.268 [info] [Model][openRepository] Opened repository (real path): /home/Raddarin/devR/Rust/light_in_atmo
2025-12-23 23:28:58.268 [info] [Model][openRepository] Opened repository (kind): repository
2025-12-23 23:28:58.268 [info] > git for-each-ref --format=%(refname)%00%(upstream:short)%00%(objectname)%00%(upstream:track)%00%(upstream:remotename)%00%(upstream:remoteref) refs/heads/master refs/remotes/master [16ms]
2025-12-23 23:28:58.268 [warning] [Git][getBranch] No such branch: master
2025-12-23 23:28:58.268 [error] [GitHistoryProvider][resolveHEADMergeBase] Failed to resolve merge base for master: Error: No such branch: master.
2025-12-23 23:28:58.273 [info] > git config --get commit.template [11ms]
2025-12-23 23:28:58.275 [info] > git rev-parse --show-toplevel [2ms]
2025-12-23 23:28:58.276 [info] > git config --get commit.template [4ms]
2025-12-23 23:28:58.293 [info] [Git][getRemotes] No remotes found in the git config file
2025-12-23 23:28:58.311 [info] [Git][getRemotes] No remotes found in the git config file
2025-12-23 23:28:58.311 [info] > git rev-parse --git-dir --git-common-dir --show-superproject-working-tree [11ms]
2025-12-23 23:28:58.316 [info] [Model][openRepository] Opened repository (path): /home/Raddarin/devR/Rust/termo_test
2025-12-23 23:28:58.316 [info] [Model][openRepository] Opened repository (real path): /home/Raddarin/devR/Rust/termo_test
2025-12-23 23:28:58.316 [info] [Model][openRepository] Opened repository (kind): repository
2025-12-23 23:28:58.317 [info] [Model][doInitialScan] Initial repository scan completed - repositories (3), closed repositories (0), parent repositories (0), unsafe repositories (0)
2025-12-23 23:28:58.317 [info] > git for-each-ref --format=%(refname)%00%(upstream:short)%00%(objectname)%00%(upstream:track)%00%(upstream:remotename)%00%(upstream:remoteref) refs/heads/master refs/remotes/master [21ms]
2025-12-23 23:28:58.317 [warning] [Git][getBranch] No such branch: master
2025-12-23 23:28:58.343 [info] > git status -z -uall [24ms]
2025-12-23 23:28:58.343 [info] > git for-each-ref --sort -committerdate --format %(refname)%00%(objectname)%00%(*objectname) [21ms]
2025-12-23 23:28:58.349 [info] > git for-each-ref --format=%(refname)%00%(upstream:short)%00%(objectname)%00%(upstream:track)%00%(upstream:remotename)%00%(upstream:remoteref) refs/heads/master refs/remotes/master [39ms]
2025-12-23 23:28:58.349 [warning] [Git][getBranch] No such branch: master
2025-12-23 23:28:58.358 [info] > git status -z -uall [6ms]
2025-12-23 23:28:58.358 [info] > git for-each-ref --sort -committerdate --format %(refname)%00%(objectname)%00%(*objectname) [3ms]
2025-12-23 23:28:58.367 [info] > git rev-parse --show-toplevel [25ms]
2025-12-23 23:28:58.367 [info] fatal: not a git repository (or any of the parent directories): .git
2025-12-23 23:28:58.367 [info] > git config --get commit.template [28ms]
2025-12-23 23:28:58.372 [info] > git for-each-ref --format=%(refname)%00%(upstream:short)%00%(objectname)%00%(upstream:track)%00%(upstream:remotename)%00%(upstream:remoteref) refs/heads/master refs/remotes/master [7ms]
2025-12-23 23:28:58.373 [warning] [Git][getBranch] No such branch: master
2025-12-23 23:28:58.373 [error] [GitHistoryProvider][resolveHEADMergeBase] Failed to resolve merge base for master: Error: No such branch: master.
2025-12-23 23:28:58.376 [info] [Git][getRemotes] No remotes found in the git config file
2025-12-23 23:28:58.377 [info] > git config --get commit.template [4ms]
2025-12-23 23:28:58.377 [info] > git for-each-ref --format=%(refname)%00%(upstream:short)%00%(objectname)%00%(upstream:track)%00%(upstream:remotename)%00%(upstream:remoteref) refs/heads/master refs/remotes/master [1ms]
2025-12-23 23:28:58.377 [warning] [Git][getBranch] No such branch: master
2025-12-23 23:28:58.387 [info] [Git][getRemotes] No remotes found in the git config file
2025-12-23 23:28:58.387 [info] > git status -z -uall [7ms]
2025-12-23 23:28:58.390 [info] > git for-each-ref --format=%(refname)%00%(upstream:short)%00%(objectname)%00%(upstream:track)%00%(upstream:remotename)%00%(upstream:remoteref) refs/heads/master refs/remotes/master [3ms]
2025-12-23 23:28:58.390 [warning] [Git][getBranch] No such branch: master
2025-12-23 23:28:58.395 [info] > git for-each-ref --sort -committerdate --format %(refname)%00%(objectname)%00%(*objectname) [11ms]
2025-12-23 23:28:58.409 [info] > git status -z -uall [16ms]
2025-12-23 23:28:58.409 [info] > git for-each-ref --format=%(refname)%00%(upstream:short)%00%(objectname)%00%(upstream:track)%00%(upstream:remotename)%00%(upstream:remoteref) refs/heads/master refs/remotes/master [7ms]
2025-12-23 23:28:58.409 [warning] [Git][getBranch] No such branch: master
2025-12-23 23:28:58.409 [error] [GitHistoryProvider][resolveHEADMergeBase] Failed to resolve merge base for master: Error: No such branch: master.
2025-12-23 23:28:58.409 [info] > git for-each-ref --sort -committerdate --format %(refname)%00%(objectname)%00%(*objectname) [14ms]
2025-12-23 23:28:58.412 [info] > git config --get commit.template [3ms]
2025-12-23 23:28:58.412 [info] [Git][getRemotes] No remotes found in the git config file
2025-12-23 23:28:58.417 [info] > git for-each-ref --format=%(refname)%00%(upstream:short)%00%(objectname)%00%(upstream:track)%00%(upstream:remotename)%00%(upstream:remoteref) refs/heads/master refs/remotes/master [2ms]
2025-12-23 23:28:58.417 [warning] [Git][getBranch] No such branch: master
2025-12-23 23:28:58.424 [info] > git status -z -uall [4ms]
2025-12-23 23:28:58.424 [info] > git for-each-ref --sort -committerdate --format %(refname)%00%(objectname)%00%(*objectname) [1ms]
2025-12-23 23:28:58.439 [info] > git rev-parse --show-toplevel [1ms]
2025-12-23 23:28:58.439 [info] fatal: not a git repository (or any of the parent directories): .git
2025-12-23 23:28:58.888 [info] > git check-ignore -v -z --stdin [11ms]
2025-12-23 23:28:58.888 [info] > git check-ignore -v -z --stdin [6ms]
2025-12-23 23:28:58.888 [info] > git check-ignore -v -z --stdin [2ms]
2025-12-23 23:28:59.796 [info] > git rev-parse --show-toplevel [2ms]
2025-12-23 23:28:59.796 [info] fatal: not a git repository (or any of the parent directories): .git
