2025-12-23 23:30:14.070 [info] [main] Log level: Info
2025-12-23 23:30:14.070 [info] [main] Validating found git in: "git"
2025-12-23 23:30:14.070 [info] [main] Using git "2.52.0" from "git"
2025-12-23 23:30:14.070 [info] [Model][doInitialScan] Initial repository scan started
2025-12-23 23:30:14.070 [info] > git rev-parse --show-toplevel [3ms]
2025-12-23 23:30:14.070 [info] fatal: not a git repository (or any of the parent directories): .git
2025-12-23 23:30:14.070 [info] > git rev-parse --show-toplevel [2ms]
2025-12-23 23:30:14.070 [info] > git rev-parse --git-dir --git-common-dir --show-superproject-working-tree [2ms]
2025-12-23 23:30:14.070 [info] [Model][openRepository] Opened repository (path): /home/Raddarin/devR/Rust/hello-rust
2025-12-23 23:30:14.070 [info] [Model][openRepository] Opened repository (real path): /home/Raddarin/devR/Rust/hello-rust
2025-12-23 23:30:14.070 [info] [Model][openRepository] Opened repository (kind): repository
2025-12-23 23:30:14.070 [info] > git rev-parse --show-toplevel [2ms]
2025-12-23 23:30:14.070 [info] > git config --get commit.template [6ms]
2025-12-23 23:30:14.070 [info] [Git][getRemotes] No remotes found in the git config file
2025-12-23 23:30:14.070 [info] > git rev-parse --git-dir --git-common-dir --show-superproject-working-tree [3ms]
2025-12-23 23:30:14.070 [info] [Model][openRepository] Opened repository (path): /home/Raddarin/devR/Rust/light_in_atmo
2025-12-23 23:30:14.070 [info] [Model][openRepository] Opened repository (real path): /home/Raddarin/devR/Rust/light_in_atmo
2025-12-23 23:30:14.070 [info] [Model][openRepository] Opened repository (kind): repository
2025-12-23 23:30:14.070 [info] > git for-each-ref --format=%(refname)%00%(upstream:short)%00%(objectname)%00%(upstream:track)%00%(upstream:remotename)%00%(upstream:remoteref) refs/heads/master refs/remotes/master [13ms]
2025-12-23 23:30:14.070 [warning] [Git][getBranch] No such branch: master
2025-12-23 23:30:14.070 [info] > git status -z -uall [7ms]
2025-12-23 23:30:14.070 [info] > git for-each-ref --sort -committerdate --format %(refname)%00%(objectname)%00%(*objectname) [1ms]
2025-12-23 23:30:14.070 [info] > git rev-parse --show-toplevel [18ms]
2025-12-23 23:30:14.070 [info] > git config --get commit.template [21ms]
2025-12-23 23:30:14.070 [info] > git for-each-ref --format=%(refname)%00%(upstream:short)%00%(objectname)%00%(upstream:track)%00%(upstream:remotename)%00%(upstream:remoteref) refs/heads/master refs/remotes/master [14ms]
2025-12-23 23:30:14.070 [warning] [Git][getBranch] No such branch: master
2025-12-23 23:30:14.070 [error] [GitHistoryProvider][resolveHEADMergeBase] Failed to resolve merge base for master: Error: No such branch: master.
2025-12-23 23:30:14.070 [info] [Git][getRemotes] No remotes found in the git config file
2025-12-23 23:30:14.070 [info] > git rev-parse --git-dir --git-common-dir --show-superproject-working-tree [19ms]
2025-12-23 23:30:14.070 [info] [Model][openRepository] Opened repository (path): /home/Raddarin/devR/Rust/termo_test
2025-12-23 23:30:14.070 [info] [Model][openRepository] Opened repository (real path): /home/Raddarin/devR/Rust/termo_test
2025-12-23 23:30:14.070 [info] [Model][openRepository] Opened repository (kind): repository
2025-12-23 23:30:14.070 [info] [Model][doInitialScan] Initial repository scan completed - repositories (3), closed repositories (0), parent repositories (0), unsafe repositories (0)
2025-12-23 23:30:14.073 [info] > git config --get commit.template [8ms]
2025-12-23 23:30:14.073 [info] > git for-each-ref --format=%(refname)%00%(upstream:short)%00%(objectname)%00%(upstream:track)%00%(upstream:remotename)%00%(upstream:remoteref) refs/heads/master refs/remotes/master [11ms]
2025-12-23 23:30:14.073 [warning] [Git][getBranch] No such branch: master
2025-12-23 23:30:14.079 [info] > git status -z -uall [3ms]
2025-12-23 23:30:14.080 [info] > git config --get commit.template [7ms]
2025-12-23 23:30:14.101 [info] [Git][getRemotes] No remotes found in the git config file
2025-12-23 23:30:14.101 [info] > git for-each-ref --sort -committerdate --format %(refname)%00%(objectname)%00%(*objectname) [22ms]
2025-12-23 23:30:14.123 [info] [Git][getRemotes] No remotes found in the git config file
2025-12-23 23:30:14.126 [info] > git for-each-ref --format=%(refname)%00%(upstream:short)%00%(objectname)%00%(upstream:track)%00%(upstream:remotename)%00%(upstream:remoteref) refs/heads/master refs/remotes/master [21ms]
2025-12-23 23:30:14.126 [warning] [Git][getBranch] No such branch: master
2025-12-23 23:30:14.126 [error] [GitHistoryProvider][resolveHEADMergeBase] Failed to resolve merge base for master: Error: No such branch: master.
2025-12-23 23:30:14.126 [info] > git for-each-ref --format=%(refname)%00%(upstream:short)%00%(objectname)%00%(upstream:track)%00%(upstream:remotename)%00%(upstream:remoteref) refs/heads/master refs/remotes/master [25ms]
2025-12-23 23:30:14.126 [warning] [Git][getBranch] No such branch: master
2025-12-23 23:30:14.133 [info] > git status -z -uall [5ms]
2025-12-23 23:30:14.133 [info] > git for-each-ref --sort -committerdate --format %(refname)%00%(objectname)%00%(*objectname) [3ms]
2025-12-23 23:30:14.137 [info] > git config --get commit.template [12ms]
2025-12-23 23:30:14.137 [info] > git for-each-ref --format=%(refname)%00%(upstream:short)%00%(objectname)%00%(upstream:track)%00%(upstream:remotename)%00%(upstream:remoteref) refs/heads/master refs/remotes/master [15ms]
2025-12-23 23:30:14.137 [warning] [Git][getBranch] No such branch: master
2025-12-23 23:30:14.145 [info] > git status -z -uall [5ms]
2025-12-23 23:30:14.145 [info] > git for-each-ref --sort -committerdate --format %(refname)%00%(objectname)%00%(*objectname) [2ms]
2025-12-23 23:30:14.154 [info] [Git][getRemotes] No remotes found in the git config file
2025-12-23 23:30:14.156 [info] > git for-each-ref --format=%(refname)%00%(upstream:short)%00%(objectname)%00%(upstream:track)%00%(upstream:remotename)%00%(upstream:remoteref) refs/heads/master refs/remotes/master [7ms]
2025-12-23 23:30:14.156 [warning] [Git][getBranch] No such branch: master
2025-12-23 23:30:14.156 [error] [GitHistoryProvider][resolveHEADMergeBase] Failed to resolve merge base for master: Error: No such branch: master.
2025-12-23 23:30:14.157 [info] > git config --get commit.template [1ms]
2025-12-23 23:30:14.157 [info] > git for-each-ref --format=%(refname)%00%(upstream:short)%00%(objectname)%00%(upstream:track)%00%(upstream:remotename)%00%(upstream:remoteref) refs/heads/master refs/remotes/master [4ms]
2025-12-23 23:30:14.157 [warning] [Git][getBranch] No such branch: master
2025-12-23 23:30:14.163 [info] > git status -z -uall [3ms]
2025-12-23 23:30:14.167 [info] [Git][getRemotes] No remotes found in the git config file
2025-12-23 23:30:14.167 [info] > git for-each-ref --sort -committerdate --format %(refname)%00%(objectname)%00%(*objectname) [5ms]
2025-12-23 23:30:14.170 [info] > git for-each-ref --format=%(refname)%00%(upstream:short)%00%(objectname)%00%(upstream:track)%00%(upstream:remotename)%00%(upstream:remoteref) refs/heads/master refs/remotes/master [3ms]
2025-12-23 23:30:14.170 [warning] [Git][getBranch] No such branch: master
2025-12-23 23:30:14.177 [info] > git status -z -uall [4ms]
2025-12-23 23:30:14.177 [info] > git for-each-ref --sort -committerdate --format %(refname)%00%(objectname)%00%(*objectname) [1ms]
2025-12-23 23:30:14.213 [info] > git rev-parse --show-toplevel [1ms]
2025-12-23 23:30:14.213 [info] fatal: not a git repository (or any of the parent directories): .git
2025-12-23 23:30:14.634 [info] > git check-ignore -v -z --stdin [11ms]
2025-12-23 23:30:14.634 [info] > git check-ignore -v -z --stdin [6ms]
2025-12-23 23:30:14.634 [info] > git check-ignore -v -z --stdin [2ms]
2025-12-23 23:30:15.640 [info] > git rev-parse --show-toplevel [1ms]
2025-12-23 23:30:15.640 [info] fatal: not a git repository (or any of the parent directories): .git
