2025-12-28 00:25:19.805 [info] [main] Log level: Info
2025-12-28 00:25:19.805 [info] [main] Validating found git in: "git"
2025-12-28 00:25:19.805 [info] [main] Using git "2.52.0" from "git"
2025-12-28 00:25:19.805 [info] [Model][doInitialScan] Initial repository scan started
2025-12-28 00:25:19.805 [info] > git rev-parse --show-toplevel [31ms]
2025-12-28 00:25:19.805 [info] > git rev-parse --git-dir --git-common-dir --show-superproject-working-tree [7ms]
2025-12-28 00:25:19.805 [info] [Model][openRepository] Opened repository (path): /home/Raddarin/devR/Java/Fordjupningskurs_Java
2025-12-28 00:25:19.805 [info] [Model][openRepository] Opened repository (real path): /home/Raddarin/devR/Java/Fordjupningskurs_Java
2025-12-28 00:25:19.805 [info] [Model][openRepository] Opened repository (kind): repository
2025-12-28 00:25:19.805 [info] > git rev-parse --show-toplevel [3ms]
2025-12-28 00:25:19.805 [info] > git config --get commit.template [9ms]
2025-12-28 00:25:19.805 [info] > git rev-parse --show-toplevel [17ms]
2025-12-28 00:25:19.805 [info] > git for-each-ref --format=%(refname)%00%(upstream:short)%00%(objectname)%00%(upstream:track)%00%(upstream:remotename)%00%(upstream:remoteref) refs/heads/main refs/remotes/main [17ms]
2025-12-28 00:25:19.805 [info] > git rev-parse --show-toplevel [3ms]
2025-12-28 00:25:19.813 [info] > git rev-parse --show-toplevel [3ms]
2025-12-28 00:25:19.835 [info] > git status -z -uall [10ms]
2025-12-28 00:25:19.836 [info] > git for-each-ref --sort -committerdate --format %(refname)%00%(objectname)%00%(*objectname) [5ms]
2025-12-28 00:25:19.855 [info] > git for-each-ref --format=%(refname)%00%(upstream:short)%00%(objectname)%00%(upstream:track)%00%(upstream:remotename)%00%(upstream:remoteref) refs/heads/main refs/remotes/main [7ms]
2025-12-28 00:25:19.860 [info] > git rev-parse --show-toplevel [27ms]
2025-12-28 00:25:19.864 [info] > git config --get commit.template [10ms]
2025-12-28 00:25:19.866 [info] > git rev-parse --show-toplevel [3ms]
2025-12-28 00:25:19.866 [info] > git config --get --local branch.main.vscode-merge-base [6ms]
2025-12-28 00:25:19.878 [info] > git for-each-ref --format=%(refname)%00%(upstream:short)%00%(objectname)%00%(upstream:track)%00%(upstream:remotename)%00%(upstream:remoteref) refs/heads/main refs/remotes/main [4ms]
2025-12-28 00:25:19.878 [info] > git for-each-ref --format=%(refname)%00%(upstream:short)%00%(objectname)%00%(upstream:track)%00%(upstream:remotename)%00%(upstream:remoteref) refs/heads/origin/main refs/remotes/origin/main [8ms]
2025-12-28 00:25:19.883 [info] > git rev-parse --show-toplevel [6ms]
2025-12-28 00:25:19.896 [info] > git merge-base refs/heads/main refs/remotes/origin/main [14ms]
2025-12-28 00:25:19.903 [info] > git rev-parse --show-toplevel [8ms]
2025-12-28 00:25:19.918 [info] > git diff --name-status -z --diff-filter=ADMR --find-renames=50% 63369f8c4fcc39542a8c55b3fc9fea9589232a0f...refs/remotes/origin/main -- [16ms]
2025-12-28 00:25:19.919 [info] > git status -z -uall [9ms]
2025-12-28 00:25:19.920 [info] > git for-each-ref --sort -committerdate --format %(refname)%00%(objectname)%00%(*objectname) [6ms]
2025-12-28 00:25:19.928 [info] > git rev-parse --show-toplevel [10ms]
2025-12-28 00:25:19.929 [info] [Model][doInitialScan] Initial repository scan completed - repositories (1), closed repositories (0), parent repositories (0), unsafe repositories (0)
2025-12-28 00:25:20.076 [info] > git show --textconv :edaa01-workspace-vscode/project_suduko/src/main/java/suduko/App.java [7ms]
2025-12-28 00:25:20.078 [info] > git ls-files --stage -- edaa01-workspace-vscode/project_suduko/src/main/java/suduko/App.java [2ms]
2025-12-28 00:25:20.083 [info] > git cat-file -s e8e9406ae97990e0da437c1da6f4899b278cec1e [2ms]
2025-12-28 00:25:20.319 [info] > git check-ignore -v -z --stdin [2ms]
2025-12-28 00:25:24.860 [info] > git config --get commit.template [6ms]
2025-12-28 00:25:24.861 [info] > git for-each-ref --format=%(refname)%00%(upstream:short)%00%(objectname)%00%(upstream:track)%00%(upstream:remotename)%00%(upstream:remoteref) refs/heads/main refs/remotes/main [1ms]
2025-12-28 00:25:24.870 [info] > git status -z -uall [5ms]
2025-12-28 00:25:24.871 [info] > git for-each-ref --sort -committerdate --format %(refname)%00%(objectname)%00%(*objectname) [2ms]
2025-12-28 00:25:59.347 [info] [main] Log level: Info
2025-12-28 00:25:59.347 [info] [main] Validating found git in: "git"
2025-12-28 00:25:59.347 [info] [main] Using git "2.52.0" from "git"
2025-12-28 00:25:59.347 [info] [Model][doInitialScan] Initial repository scan started
2025-12-28 00:25:59.347 [info] > git rev-parse --show-toplevel [4ms]
2025-12-28 00:25:59.347 [info] fatal: not a git repository (or any of the parent directories): .git
2025-12-28 00:25:59.347 [info] [Model][doInitialScan] Initial repository scan completed - repositories (0), closed repositories (0), parent repositories (0), unsafe repositories (0)
2025-12-28 00:26:01.077 [info] > git rev-parse --show-toplevel [2ms]
2025-12-28 00:26:01.077 [info] fatal: not a git repository (or any of the parent directories): .git
2025-12-28 00:26:01.192 [info] > git rev-parse --show-toplevel [7ms]
2025-12-28 00:26:01.192 [info] fatal: not a git repository (or any of the parent directories): .git
2025-12-28 00:26:01.196 [info] > git rev-parse --show-toplevel [1ms]
2025-12-28 00:26:01.196 [info] fatal: not a git repository (or any of the parent directories): .git
2025-12-28 00:26:01.314 [info] > git rev-parse --show-toplevel [1ms]
2025-12-28 00:26:01.314 [info] fatal: not a git repository (or any of the parent directories): .git
2025-12-28 00:26:04.054 [info] > git rev-parse --show-toplevel [1ms]
2025-12-28 00:26:04.054 [info] fatal: not a git repository (or any of the parent directories): .git
